  [1m[35m (0.1ms)[0m  [1m[34mSELECT sqlite_version(*)[0m
  ↳ /Users/aeschright/.rbenv/versions/2.5.9/bin/rake:23
  [1m[35m (1.7ms)[0m  [1m[35mCREATE TABLE "schema_migrations" ("version" varchar NOT NULL PRIMARY KEY)[0m
  ↳ /Users/aeschright/.rbenv/versions/2.5.9/bin/rake:23
  [1m[35m (1.5ms)[0m  [1m[35mCREATE TABLE "ar_internal_metadata" ("key" varchar NOT NULL PRIMARY KEY, "value" varchar, "created_at" datetime NOT NULL, "updated_at" datetime NOT NULL)[0m
  ↳ /Users/aeschright/.rbenv/versions/2.5.9/bin/rake:23
  [1m[35m (0.1ms)[0m  [1m[34mSELECT "schema_migrations"."version" FROM "schema_migrations" ORDER BY "schema_migrations"."version" ASC[0m
  ↳ /Users/aeschright/.rbenv/versions/2.5.9/bin/rake:23
Migrating to CreateEvents (1)
  [1m[35m (0.1ms)[0m  [1m[34mSELECT "schema_migrations"."version" FROM "schema_migrations" ORDER BY "schema_migrations"."version" ASC[0m
  ↳ /Users/aeschright/.rbenv/versions/2.5.9/bin/rake:23
Migrating to CreateEvents (1)
  [1m[35m (0.0ms)[0m  [1m[36mbegin transaction[0m
  ↳ /Users/aeschright/.rbenv/versions/2.5.9/bin/rake:23
  [1m[35m (0.1ms)[0m  [1m[34mSELECT sqlite_version(*)[0m
  ↳ /Users/aeschright/code/calagator/db/migrate/001_create_events.rb:5
  [1m[35m (0.4ms)[0m  [1m[35mCREATE TABLE "events" ("id" integer PRIMARY KEY AUTOINCREMENT NOT NULL, "title" varchar, "description" text, "start_time" datetime, "venue_id" integer, "url" varchar, "created_at" datetime, "updated_at" datetime)[0m
  ↳ /Users/aeschright/code/calagator/db/migrate/001_create_events.rb:5
  [1m[36mActiveRecord::SchemaMigration Create (0.1ms)[0m  [1m[32mINSERT INTO "schema_migrations" ("version") VALUES (?)[0m  [["version", "1"]]
  ↳ /Users/aeschright/.rbenv/versions/2.5.9/bin/rake:23
  [1m[35m (0.6ms)[0m  [1m[36mcommit transaction[0m
  ↳ /Users/aeschright/.rbenv/versions/2.5.9/bin/rake:23
Migrating to CreateVenues (2)
  [1m[35m (0.1ms)[0m  [1m[34mSELECT "schema_migrations"."version" FROM "schema_migrations" ORDER BY "schema_migrations"."version" ASC[0m
  ↳ /Users/aeschright/.rbenv/versions/2.5.9/bin/rake:23
Migrating to CreateVenues (2)
  [1m[35m (0.0ms)[0m  [1m[36mbegin transaction[0m
  ↳ /Users/aeschright/.rbenv/versions/2.5.9/bin/rake:23
  [1m[35m (0.0ms)[0m  [1m[34mSELECT sqlite_version(*)[0m
  ↳ /Users/aeschright/code/calagator/db/migrate/002_create_venues.rb:5
  [1m[35m (0.3ms)[0m  [1m[35mCREATE TABLE "venues" ("id" integer PRIMARY KEY AUTOINCREMENT NOT NULL, "title" varchar, "description" text, "address" varchar, "url" varchar, "created_at" datetime, "updated_at" datetime)[0m
  ↳ /Users/aeschright/code/calagator/db/migrate/002_create_venues.rb:5
  [1m[36mActiveRecord::SchemaMigration Create (0.1ms)[0m  [1m[32mINSERT INTO "schema_migrations" ("version") VALUES (?)[0m  [["version", "2"]]
  ↳ /Users/aeschright/.rbenv/versions/2.5.9/bin/rake:23
  [1m[35m (1.1ms)[0m  [1m[36mcommit transaction[0m
  ↳ /Users/aeschright/.rbenv/versions/2.5.9/bin/rake:23
Migrating to CreateSources (3)
  [1m[35m (0.1ms)[0m  [1m[36mbegin transaction[0m
  ↳ /Users/aeschright/.rbenv/versions/2.5.9/bin/rake:23
  [1m[35m (0.3ms)[0m  [1m[35mCREATE TABLE "sources" ("id" integer PRIMARY KEY AUTOINCREMENT NOT NULL, "title" varchar, "url" varchar, "format_type" varchar, "imported_at" datetime, "created_at" datetime, "updated_at" datetime)[0m
  ↳ /Users/aeschright/code/calagator/db/migrate/003_create_sources.rb:5
  [1m[36mActiveRecord::SchemaMigration Create (0.1ms)[0m  [1m[32mINSERT INTO "schema_migrations" ("version") VALUES (?)[0m  [["version", "3"]]
  ↳ /Users/aeschright/.rbenv/versions/2.5.9/bin/rake:23
  [1m[35m (0.5ms)[0m  [1m[36mcommit transaction[0m
  ↳ /Users/aeschright/.rbenv/versions/2.5.9/bin/rake:23
Migrating to AddDetailedFieldsToVenue (4)
  [1m[35m (0.0ms)[0m  [1m[36mbegin transaction[0m
  ↳ /Users/aeschright/.rbenv/versions/2.5.9/bin/rake:23
  [1m[35m (0.3ms)[0m  [1m[35mALTER TABLE "venues" ADD "street_address" varchar[0m
  ↳ /Users/aeschright/code/calagator/db/migrate/004_add_detailed_fields_to_venue.rb:5
  [1m[35m (0.2ms)[0m  [1m[35mALTER TABLE "venues" ADD "locality" varchar[0m
  ↳ /Users/aeschright/code/calagator/db/migrate/004_add_detailed_fields_to_venue.rb:6
  [1m[35m (0.1ms)[0m  [1m[35mALTER TABLE "venues" ADD "region" varchar[0m
  ↳ /Users/aeschright/code/calagator/db/migrate/004_add_detailed_fields_to_venue.rb:7
  [1m[35m (0.1ms)[0m  [1m[35mALTER TABLE "venues" ADD "postal_code" varchar[0m
  ↳ /Users/aeschright/code/calagator/db/migrate/004_add_detailed_fields_to_venue.rb:8
  [1m[35m (0.1ms)[0m  [1m[35mALTER TABLE "venues" ADD "country" varchar[0m
  ↳ /Users/aeschright/code/calagator/db/migrate/004_add_detailed_fields_to_venue.rb:9
  [1m[35m (0.1ms)[0m  [1m[35mALTER TABLE "venues" ADD "latitude" float[0m
  ↳ /Users/aeschright/code/calagator/db/migrate/004_add_detailed_fields_to_venue.rb:11
  [1m[35m (0.2ms)[0m  [1m[35mALTER TABLE "venues" ADD "longitude" float[0m
  ↳ /Users/aeschright/code/calagator/db/migrate/004_add_detailed_fields_to_venue.rb:12
  [1m[35m (0.2ms)[0m  [1m[35mALTER TABLE "venues" ADD "email" varchar[0m
  ↳ /Users/aeschright/code/calagator/db/migrate/004_add_detailed_fields_to_venue.rb:14
  [1m[35m (0.2ms)[0m  [1m[35mALTER TABLE "venues" ADD "telephone" varchar[0m
  ↳ /Users/aeschright/code/calagator/db/migrate/004_add_detailed_fields_to_venue.rb:15
  [1m[36mActiveRecord::SchemaMigration Create (0.1ms)[0m  [1m[32mINSERT INTO "schema_migrations" ("version") VALUES (?)[0m  [["version", "4"]]
  ↳ /Users/aeschright/.rbenv/versions/2.5.9/bin/rake:23
  [1m[35m (0.5ms)[0m  [1m[36mcommit transaction[0m
  ↳ /Users/aeschright/.rbenv/versions/2.5.9/bin/rake:23
Migrating to AddEndTimeToEvents (5)
  [1m[35m (0.0ms)[0m  [1m[36mbegin transaction[0m
  ↳ /Users/aeschright/.rbenv/versions/2.5.9/bin/rake:23
  [1m[35m (0.5ms)[0m  [1m[35mALTER TABLE "events" ADD "end_time" datetime[0m
  ↳ /Users/aeschright/code/calagator/db/migrate/005_add_end_time_to_events.rb:5
  [1m[36mActiveRecord::SchemaMigration Create (0.1ms)[0m  [1m[32mINSERT INTO "schema_migrations" ("version") VALUES (?)[0m  [["version", "5"]]
  ↳ /Users/aeschright/.rbenv/versions/2.5.9/bin/rake:23
  [1m[35m (0.5ms)[0m  [1m[36mcommit transaction[0m
  ↳ /Users/aeschright/.rbenv/versions/2.5.9/bin/rake:23
Migrating to AddSourceIdToEvents (6)
  [1m[35m (0.0ms)[0m  [1m[36mbegin transaction[0m
  ↳ /Users/aeschright/.rbenv/versions/2.5.9/bin/rake:23
  [1m[35m (0.3ms)[0m  [1m[35mALTER TABLE "events" ADD "source_id" integer[0m
  ↳ /Users/aeschright/code/calagator/db/migrate/006_add_source_id_to_events.rb:5
  [1m[36mActiveRecord::SchemaMigration Create (0.1ms)[0m  [1m[32mINSERT INTO "schema_migrations" ("version") VALUES (?)[0m  [["version", "6"]]
  ↳ /Users/aeschright/.rbenv/versions/2.5.9/bin/rake:23
  [1m[35m (0.6ms)[0m  [1m[36mcommit transaction[0m
  ↳ /Users/aeschright/.rbenv/versions/2.5.9/bin/rake:23
Migrating to AddSourceIdToVenues (8)
  [1m[35m (0.0ms)[0m  [1m[36mbegin transaction[0m
  ↳ /Users/aeschright/.rbenv/versions/2.5.9/bin/rake:23
  [1m[35m (0.3ms)[0m  [1m[35mALTER TABLE "venues" ADD "source_id" integer[0m
  ↳ /Users/aeschright/code/calagator/db/migrate/008_add_source_id_to_venues.rb:5
  [1m[36mActiveRecord::SchemaMigration Create (0.1ms)[0m  [1m[32mINSERT INTO "schema_migrations" ("version") VALUES (?)[0m  [["version", "8"]]
  ↳ /Users/aeschright/.rbenv/versions/2.5.9/bin/rake:23
  [1m[35m (0.4ms)[0m  [1m[36mcommit transaction[0m
  ↳ /Users/aeschright/.rbenv/versions/2.5.9/bin/rake:23
Migrating to AddDuplicateOfColumnToVenues (9)
  [1m[35m (0.0ms)[0m  [1m[36mbegin transaction[0m
  ↳ /Users/aeschright/.rbenv/versions/2.5.9/bin/rake:23
  [1m[35m (0.3ms)[0m  [1m[35mALTER TABLE "venues" ADD "duplicate_of_id" integer[0m
  ↳ /Users/aeschright/code/calagator/db/migrate/009_add_duplicate_of_column_to_venues.rb:5
  [1m[36mActiveRecord::SchemaMigration Create (0.1ms)[0m  [1m[32mINSERT INTO "schema_migrations" ("version") VALUES (?)[0m  [["version", "9"]]
  ↳ /Users/aeschright/.rbenv/versions/2.5.9/bin/rake:23
  [1m[35m (0.4ms)[0m  [1m[36mcommit transaction[0m
  ↳ /Users/aeschright/.rbenv/versions/2.5.9/bin/rake:23
Migrating to AddDuplicateOfColumnToEvents (10)
  [1m[35m (0.1ms)[0m  [1m[36mbegin transaction[0m
  ↳ /Users/aeschright/.rbenv/versions/2.5.9/bin/rake:23
  [1m[35m (0.3ms)[0m  [1m[35mALTER TABLE "events" ADD "duplicate_of_id" integer[0m
  ↳ /Users/aeschright/code/calagator/db/migrate/010_add_duplicate_of_column_to_events.rb:5
  [1m[36mActiveRecord::SchemaMigration Create (0.1ms)[0m  [1m[32mINSERT INTO "schema_migrations" ("version") VALUES (?)[0m  [["version", "10"]]
  ↳ /Users/aeschright/.rbenv/versions/2.5.9/bin/rake:23
  [1m[35m (0.6ms)[0m  [1m[36mcommit transaction[0m
  ↳ /Users/aeschright/.rbenv/versions/2.5.9/bin/rake:23
Migrating to ChangeLatLongType (11)
  [1m[35m (0.0ms)[0m  [1m[36mbegin transaction[0m
  ↳ /Users/aeschright/.rbenv/versions/2.5.9/bin/rake:23
  [1m[35m (0.2ms)[0m  [1m[35mCREATE TEMPORARY TABLE "avenues" ("id" integer NOT NULL PRIMARY KEY, "title" varchar DEFAULT NULL, "description" text DEFAULT NULL, "address" varchar DEFAULT NULL, "url" varchar DEFAULT NULL, "created_at" datetime DEFAULT NULL, "updated_at" datetime DEFAULT NULL, "street_address" varchar DEFAULT NULL, "locality" varchar DEFAULT NULL, "region" varchar DEFAULT NULL, "postal_code" varchar DEFAULT NULL, "country" varchar DEFAULT NULL, "latitude" float DEFAULT NULL, "longitude" float DEFAULT NULL, "email" varchar DEFAULT NULL, "telephone" varchar DEFAULT NULL, "source_id" integer DEFAULT NULL, "duplicate_of_id" integer DEFAULT NULL)[0m
  ↳ /Users/aeschright/code/calagator/db/migrate/011_change_lat_long_type.rb:6
  [1m[35m (0.1ms)[0m  [1m[32mINSERT INTO "avenues" ("id","title","description","address","url","created_at","updated_at","street_address","locality","region","postal_code","country","latitude","longitude","email","telephone","source_id","duplicate_of_id")
                     SELECT "id","title","description","address","url","created_at","updated_at","street_address","locality","region","postal_code","country","latitude","longitude","email","telephone","source_id","duplicate_of_id" FROM "venues"[0m
  ↳ /Users/aeschright/code/calagator/db/migrate/011_change_lat_long_type.rb:6
  [1m[35m (0.2ms)[0m  [1m[35mDROP TABLE "venues"[0m
  ↳ /Users/aeschright/code/calagator/db/migrate/011_change_lat_long_type.rb:6
  [1m[35m (0.1ms)[0m  [1m[35mCREATE TABLE "venues" ("id" integer NOT NULL PRIMARY KEY, "title" varchar DEFAULT NULL, "description" text DEFAULT NULL, "address" varchar DEFAULT NULL, "url" varchar DEFAULT NULL, "created_at" datetime DEFAULT NULL, "updated_at" datetime DEFAULT NULL, "street_address" varchar DEFAULT NULL, "locality" varchar DEFAULT NULL, "region" varchar DEFAULT NULL, "postal_code" varchar DEFAULT NULL, "country" varchar DEFAULT NULL, "latitude" decimal(15,10) DEFAULT NULL, "longitude" float DEFAULT NULL, "email" varchar DEFAULT NULL, "telephone" varchar DEFAULT NULL, "source_id" integer DEFAULT NULL, "duplicate_of_id" integer DEFAULT NULL)[0m
  ↳ /Users/aeschright/code/calagator/db/migrate/011_change_lat_long_type.rb:6
  [1m[35m (0.1ms)[0m  [1m[32mINSERT INTO "venues" ("id","title","description","address","url","created_at","updated_at","street_address","locality","region","postal_code","country","latitude","longitude","email","telephone","source_id","duplicate_of_id")
                     SELECT "id","title","description","address","url","created_at","updated_at","street_address","locality","region","postal_code","country","latitude","longitude","email","telephone","source_id","duplicate_of_id" FROM "avenues"[0m
  ↳ /Users/aeschright/code/calagator/db/migrate/011_change_lat_long_type.rb:6
  [1m[35m (0.1ms)[0m  [1m[35mDROP TABLE "avenues"[0m
  ↳ /Users/aeschright/code/calagator/db/migrate/011_change_lat_long_type.rb:6
  [1m[35m (0.1ms)[0m  [1m[35mCREATE TEMPORARY TABLE "avenues" ("id" integer NOT NULL PRIMARY KEY, "title" varchar DEFAULT NULL, "description" text DEFAULT NULL, "address" varchar DEFAULT NULL, "url" varchar DEFAULT NULL, "created_at" datetime DEFAULT NULL, "updated_at" datetime DEFAULT NULL, "street_address" varchar DEFAULT NULL, "locality" varchar DEFAULT NULL, "region" varchar DEFAULT NULL, "postal_code" varchar DEFAULT NULL, "country" varchar DEFAULT NULL, "latitude" decimal(15,10) DEFAULT NULL, "longitude" float DEFAULT NULL, "email" varchar DEFAULT NULL, "telephone" varchar DEFAULT NULL, "source_id" integer DEFAULT NULL, "duplicate_of_id" integer DEFAULT NULL)[0m
  ↳ /Users/aeschright/code/calagator/db/migrate/011_change_lat_long_type.rb:7
  [1m[35m (0.1ms)[0m  [1m[32mINSERT INTO "avenues" ("id","title","description","address","url","created_at","updated_at","street_address","locality","region","postal_code","country","latitude","longitude","email","telephone","source_id","duplicate_of_id")
                     SELECT "id","title","description","address","url","created_at","updated_at","street_address","locality","region","postal_code","country","latitude","longitude","email","telephone","source_id","duplicate_of_id" FROM "venues"[0m
  ↳ /Users/aeschright/code/calagator/db/migrate/011_change_lat_long_type.rb:7
  [1m[35m (0.1ms)[0m  [1m[35mDROP TABLE "venues"[0m
  ↳ /Users/aeschright/code/calagator/db/migrate/011_change_lat_long_type.rb:7
  [1m[35m (0.1ms)[0m  [1m[35mCREATE TABLE "venues" ("id" integer NOT NULL PRIMARY KEY, "title" varchar DEFAULT NULL, "description" text DEFAULT NULL, "address" varchar DEFAULT NULL, "url" varchar DEFAULT NULL, "created_at" datetime DEFAULT NULL, "updated_at" datetime DEFAULT NULL, "street_address" varchar DEFAULT NULL, "locality" varchar DEFAULT NULL, "region" varchar DEFAULT NULL, "postal_code" varchar DEFAULT NULL, "country" varchar DEFAULT NULL, "latitude" decimal(15,10) DEFAULT NULL, "longitude" decimal(15,10) DEFAULT NULL, "email" varchar DEFAULT NULL, "telephone" varchar DEFAULT NULL, "source_id" integer DEFAULT NULL, "duplicate_of_id" integer DEFAULT NULL)[0m
  ↳ /Users/aeschright/code/calagator/db/migrate/011_change_lat_long_type.rb:7
  [1m[35m (0.1ms)[0m  [1m[32mINSERT INTO "venues" ("id","title","description","address","url","created_at","updated_at","street_address","locality","region","postal_code","country","latitude","longitude","email","telephone","source_id","duplicate_of_id")
                     SELECT "id","title","description","address","url","created_at","updated_at","street_address","locality","region","postal_code","country","latitude","longitude","email","telephone","source_id","duplicate_of_id" FROM "avenues"[0m
  ↳ /Users/aeschright/code/calagator/db/migrate/011_change_lat_long_type.rb:7
  [1m[35m (0.1ms)[0m  [1m[35mDROP TABLE "avenues"[0m
  ↳ /Users/aeschright/code/calagator/db/migrate/011_change_lat_long_type.rb:7
  [1m[36mActiveRecord::SchemaMigration Create (0.1ms)[0m  [1m[32mINSERT INTO "schema_migrations" ("version") VALUES (?)[0m  [["version", "11"]]
  ↳ /Users/aeschright/.rbenv/versions/2.5.9/bin/rake:23
  [1m[35m (0.7ms)[0m  [1m[36mcommit transaction[0m
  ↳ /Users/aeschright/.rbenv/versions/2.5.9/bin/rake:23
Migrating to AddSourceReimport (12)
  [1m[35m (0.0ms)[0m  [1m[36mbegin transaction[0m
  ↳ /Users/aeschright/.rbenv/versions/2.5.9/bin/rake:23
  [1m[35m (0.3ms)[0m  [1m[35mALTER TABLE "sources" ADD "reimport" boolean[0m
  ↳ /Users/aeschright/code/calagator/db/migrate/012_add_source_reimport.rb:5
  [1m[36mActiveRecord::SchemaMigration Create (0.1ms)[0m  [1m[32mINSERT INTO "schema_migrations" ("version") VALUES (?)[0m  [["version", "12"]]
  ↳ /Users/aeschright/.rbenv/versions/2.5.9/bin/rake:23
  [1m[35m (0.4ms)[0m  [1m[36mcommit transaction[0m
  ↳ /Users/aeschright/.rbenv/versions/2.5.9/bin/rake:23
Migrating to ChangeEndTimeToDuration (13)
  [1m[35m (0.0ms)[0m  [1m[36mbegin transaction[0m
  ↳ /Users/aeschright/.rbenv/versions/2.5.9/bin/rake:23
  [1m[35m (0.3ms)[0m  [1m[35mALTER TABLE "events" ADD "duration" integer[0m
  ↳ /Users/aeschright/code/calagator/db/migrate/013_change_end_time_to_duration.rb:5
  [1m[35m (0.1ms)[0m  [1m[35mCREATE TEMPORARY TABLE "aevents" ("id" integer NOT NULL PRIMARY KEY, "title" varchar DEFAULT NULL, "description" text DEFAULT NULL, "start_time" datetime DEFAULT NULL, "venue_id" integer DEFAULT NULL, "url" varchar DEFAULT NULL, "created_at" datetime DEFAULT NULL, "updated_at" datetime DEFAULT NULL, "end_time" datetime DEFAULT NULL, "source_id" integer DEFAULT NULL, "duplicate_of_id" integer DEFAULT NULL, "duration" integer DEFAULT NULL)[0m
  ↳ /Users/aeschright/code/calagator/db/migrate/013_change_end_time_to_duration.rb:6
  [1m[35m (0.1ms)[0m  [1m[32mINSERT INTO "aevents" ("id","title","description","start_time","venue_id","url","created_at","updated_at","end_time","source_id","duplicate_of_id","duration")
                     SELECT "id","title","description","start_time","venue_id","url","created_at","updated_at","end_time","source_id","duplicate_of_id","duration" FROM "events"[0m
  ↳ /Users/aeschright/code/calagator/db/migrate/013_change_end_time_to_duration.rb:6
  [1m[35m (0.1ms)[0m  [1m[35mDROP TABLE "events"[0m
  ↳ /Users/aeschright/code/calagator/db/migrate/013_change_end_time_to_duration.rb:6
  [1m[35m (0.1ms)[0m  [1m[35mCREATE TABLE "events" ("id" integer NOT NULL PRIMARY KEY, "title" varchar DEFAULT NULL, "description" text DEFAULT NULL, "start_time" datetime DEFAULT NULL, "venue_id" integer DEFAULT NULL, "url" varchar DEFAULT NULL, "created_at" datetime DEFAULT NULL, "updated_at" datetime DEFAULT NULL, "source_id" integer DEFAULT NULL, "duplicate_of_id" integer DEFAULT NULL, "duration" integer DEFAULT NULL)[0m
  ↳ /Users/aeschright/code/calagator/db/migrate/013_change_end_time_to_duration.rb:6
  [1m[35m (0.0ms)[0m  [1m[32mINSERT INTO "events" ("id","title","description","start_time","venue_id","url","created_at","updated_at","source_id","duplicate_of_id","duration")
                     SELECT "id","title","description","start_time","venue_id","url","created_at","updated_at","source_id","duplicate_of_id","duration" FROM "aevents"[0m
  ↳ /Users/aeschright/code/calagator/db/migrate/013_change_end_time_to_duration.rb:6
  [1m[35m (0.1ms)[0m  [1m[35mDROP TABLE "aevents"[0m
  ↳ /Users/aeschright/code/calagator/db/migrate/013_change_end_time_to_duration.rb:6
  [1m[36mActiveRecord::SchemaMigration Create (0.1ms)[0m  [1m[32mINSERT INTO "schema_migrations" ("version") VALUES (?)[0m  [["version", "13"]]
  ↳ /Users/aeschright/.rbenv/versions/2.5.9/bin/rake:23
  [1m[35m (0.8ms)[0m  [1m[36mcommit transaction[0m
  ↳ /Users/aeschright/.rbenv/versions/2.5.9/bin/rake:23
Migrating to RemoveFormatTypeFromSource (14)
  [1m[35m (0.0ms)[0m  [1m[36mbegin transaction[0m
  ↳ /Users/aeschright/.rbenv/versions/2.5.9/bin/rake:23
  [1m[35m (0.1ms)[0m  [1m[35mCREATE TEMPORARY TABLE "asources" ("id" integer NOT NULL PRIMARY KEY, "title" varchar DEFAULT NULL, "url" varchar DEFAULT NULL, "format_type" varchar DEFAULT NULL, "imported_at" datetime DEFAULT NULL, "created_at" datetime DEFAULT NULL, "updated_at" datetime DEFAULT NULL, "reimport" boolean DEFAULT NULL)[0m
  ↳ /Users/aeschright/code/calagator/db/migrate/014_remove_format_type_from_source.rb:5
  [1m[35m (0.1ms)[0m  [1m[32mINSERT INTO "asources" ("id","title","url","format_type","imported_at","created_at","updated_at","reimport")
                     SELECT "id","title","url","format_type","imported_at","created_at","updated_at","reimport" FROM "sources"[0m
  ↳ /Users/aeschright/code/calagator/db/migrate/014_remove_format_type_from_source.rb:5
  [1m[35m (0.2ms)[0m  [1m[35mDROP TABLE "sources"[0m
  ↳ /Users/aeschright/code/calagator/db/migrate/014_remove_format_type_from_source.rb:5
  [1m[35m (0.1ms)[0m  [1m[35mCREATE TABLE "sources" ("id" integer NOT NULL PRIMARY KEY, "title" varchar DEFAULT NULL, "url" varchar DEFAULT NULL, "imported_at" datetime DEFAULT NULL, "created_at" datetime DEFAULT NULL, "updated_at" datetime DEFAULT NULL, "reimport" boolean DEFAULT NULL)[0m
  ↳ /Users/aeschright/code/calagator/db/migrate/014_remove_format_type_from_source.rb:5
  [1m[35m (0.0ms)[0m  [1m[32mINSERT INTO "sources" ("id","title","url","imported_at","created_at","updated_at","reimport")
                     SELECT "id","title","url","imported_at","created_at","updated_at","reimport" FROM "asources"[0m
  ↳ /Users/aeschright/code/calagator/db/migrate/014_remove_format_type_from_source.rb:5
  [1m[35m (0.1ms)[0m  [1m[35mDROP TABLE "asources"[0m
  ↳ /Users/aeschright/code/calagator/db/migrate/014_remove_format_type_from_source.rb:5
  [1m[36mActiveRecord::SchemaMigration Create (0.1ms)[0m  [1m[32mINSERT INTO "schema_migrations" ("version") VALUES (?)[0m  [["version", "14"]]
  ↳ /Users/aeschright/.rbenv/versions/2.5.9/bin/rake:23
  [1m[35m (0.6ms)[0m  [1m[36mcommit transaction[0m
  ↳ /Users/aeschright/.rbenv/versions/2.5.9/bin/rake:23
Migrating to CreateUpdates (15)
  [1m[35m (0.0ms)[0m  [1m[36mbegin transaction[0m
  ↳ /Users/aeschright/.rbenv/versions/2.5.9/bin/rake:23
  [1m[35m (0.2ms)[0m  [1m[35mCREATE TABLE "updates" ("id" integer PRIMARY KEY AUTOINCREMENT NOT NULL, "source_id" integer, "status" text, "created_at" datetime, "updated_at" datetime)[0m
  ↳ /Users/aeschright/code/calagator/db/migrate/015_create_updates.rb:5
  [1m[35m (0.2ms)[0m  [1m[35mALTER TABLE "sources" ADD "next_update" datetime[0m
  ↳ /Users/aeschright/code/calagator/db/migrate/015_create_updates.rb:10
  [1m[36mActiveRecord::SchemaMigration Create (0.1ms)[0m  [1m[32mINSERT INTO "schema_migrations" ("version") VALUES (?)[0m  [["version", "15"]]
  ↳ /Users/aeschright/.rbenv/versions/2.5.9/bin/rake:23
  [1m[35m (0.5ms)[0m  [1m[36mcommit transaction[0m
  ↳ /Users/aeschright/.rbenv/versions/2.5.9/bin/rake:23
Migrating to RemoveNextUpdateFromSource (16)
  [1m[35m (0.0ms)[0m  [1m[36mbegin transaction[0m
  ↳ /Users/aeschright/.rbenv/versions/2.5.9/bin/rake:23
  [1m[35m (0.1ms)[0m  [1m[35mCREATE TEMPORARY TABLE "asources" ("id" integer NOT NULL PRIMARY KEY, "title" varchar DEFAULT NULL, "url" varchar DEFAULT NULL, "imported_at" datetime DEFAULT NULL, "created_at" datetime DEFAULT NULL, "updated_at" datetime DEFAULT NULL, "reimport" boolean DEFAULT NULL, "next_update" datetime DEFAULT NULL)[0m
  ↳ /Users/aeschright/code/calagator/db/migrate/016_remove_next_update_from_source.rb:5
  [1m[35m (0.0ms)[0m  [1m[32mINSERT INTO "asources" ("id","title","url","imported_at","created_at","updated_at","reimport","next_update")
                     SELECT "id","title","url","imported_at","created_at","updated_at","reimport","next_update" FROM "sources"[0m
  ↳ /Users/aeschright/code/calagator/db/migrate/016_remove_next_update_from_source.rb:5
  [1m[35m (0.2ms)[0m  [1m[35mDROP TABLE "sources"[0m
  ↳ /Users/aeschright/code/calagator/db/migrate/016_remove_next_update_from_source.rb:5
  [1m[35m (0.1ms)[0m  [1m[35mCREATE TABLE "sources" ("id" integer NOT NULL PRIMARY KEY, "title" varchar DEFAULT NULL, "url" varchar DEFAULT NULL, "imported_at" datetime DEFAULT NULL, "created_at" datetime DEFAULT NULL, "updated_at" datetime DEFAULT NULL, "reimport" boolean DEFAULT NULL)[0m
  ↳ /Users/aeschright/code/calagator/db/migrate/016_remove_next_update_from_source.rb:5
  [1m[35m (0.0ms)[0m  [1m[32mINSERT INTO "sources" ("id","title","url","imported_at","created_at","updated_at","reimport")
                     SELECT "id","title","url","imported_at","created_at","updated_at","reimport" FROM "asources"[0m
  ↳ /Users/aeschright/code/calagator/db/migrate/016_remove_next_update_from_source.rb:5
  [1m[35m (0.1ms)[0m  [1m[35mDROP TABLE "asources"[0m
  ↳ /Users/aeschright/code/calagator/db/migrate/016_remove_next_update_from_source.rb:5
  [1m[36mActiveRecord::SchemaMigration Create (0.1ms)[0m  [1m[32mINSERT INTO "schema_migrations" ("version") VALUES (?)[0m  [["version", "16"]]
  ↳ /Users/aeschright/.rbenv/versions/2.5.9/bin/rake:23
  [1m[35m (0.6ms)[0m  [1m[36mcommit transaction[0m
  ↳ /Users/aeschright/.rbenv/versions/2.5.9/bin/rake:23
Migrating to ChangeDurationToEndTime (20080705163959)
  [1m[35m (0.0ms)[0m  [1m[36mbegin transaction[0m
  ↳ /Users/aeschright/.rbenv/versions/2.5.9/bin/rake:23
  [1m[35m (0.4ms)[0m  [1m[35mALTER TABLE "events" ADD "end_time" datetime[0m
  ↳ /Users/aeschright/code/calagator/db/migrate/20080705163959_change_duration_to_end_time.rb:5
  [1m[35m (0.1ms)[0m  [1m[35mCREATE TEMPORARY TABLE "aevents" ("id" integer NOT NULL PRIMARY KEY, "title" varchar DEFAULT NULL, "description" text DEFAULT NULL, "start_time" datetime DEFAULT NULL, "venue_id" integer DEFAULT NULL, "url" varchar DEFAULT NULL, "created_at" datetime DEFAULT NULL, "updated_at" datetime DEFAULT NULL, "source_id" integer DEFAULT NULL, "duplicate_of_id" integer DEFAULT NULL, "duration" integer DEFAULT NULL, "end_time" datetime DEFAULT NULL)[0m
  ↳ /Users/aeschright/code/calagator/db/migrate/20080705163959_change_duration_to_end_time.rb:6
  [1m[35m (0.0ms)[0m  [1m[32mINSERT INTO "aevents" ("id","title","description","start_time","venue_id","url","created_at","updated_at","source_id","duplicate_of_id","duration","end_time")
                     SELECT "id","title","description","start_time","venue_id","url","created_at","updated_at","source_id","duplicate_of_id","duration","end_time" FROM "events"[0m
  ↳ /Users/aeschright/code/calagator/db/migrate/20080705163959_change_duration_to_end_time.rb:6
  [1m[35m (0.1ms)[0m  [1m[35mDROP TABLE "events"[0m
  ↳ /Users/aeschright/code/calagator/db/migrate/20080705163959_change_duration_to_end_time.rb:6
  [1m[35m (0.1ms)[0m  [1m[35mCREATE TABLE "events" ("id" integer NOT NULL PRIMARY KEY, "title" varchar DEFAULT NULL, "description" text DEFAULT NULL, "start_time" datetime DEFAULT NULL, "venue_id" integer DEFAULT NULL, "url" varchar DEFAULT NULL, "created_at" datetime DEFAULT NULL, "updated_at" datetime DEFAULT NULL, "source_id" integer DEFAULT NULL, "duplicate_of_id" integer DEFAULT NULL, "end_time" datetime DEFAULT NULL)[0m
  ↳ /Users/aeschright/code/calagator/db/migrate/20080705163959_change_duration_to_end_time.rb:6
  [1m[35m (0.0ms)[0m  [1m[32mINSERT INTO "events" ("id","title","description","start_time","venue_id","url","created_at","updated_at","source_id","duplicate_of_id","end_time")
                     SELECT "id","title","description","start_time","venue_id","url","created_at","updated_at","source_id","duplicate_of_id","end_time" FROM "aevents"[0m
  ↳ /Users/aeschright/code/calagator/db/migrate/20080705163959_change_duration_to_end_time.rb:6
  [1m[35m (0.1ms)[0m  [1m[35mDROP TABLE "aevents"[0m
  ↳ /Users/aeschright/code/calagator/db/migrate/20080705163959_change_duration_to_end_time.rb:6
  [1m[36mActiveRecord::SchemaMigration Create (0.1ms)[0m  [1m[32mINSERT INTO "schema_migrations" ("version") VALUES (?)[0m  [["version", "20080705163959"]]
  ↳ /Users/aeschright/.rbenv/versions/2.5.9/bin/rake:23
  [1m[35m (0.3ms)[0m  [1m[36mcommit transaction[0m
  ↳ /Users/aeschright/.rbenv/versions/2.5.9/bin/rake:23
Migrating to CreateTagsAndTaggings (20080705164959)
  [1m[35m (0.0ms)[0m  [1m[36mbegin transaction[0m
  ↳ /Users/aeschright/.rbenv/versions/2.5.9/bin/rake:23
  [1m[35m (0.2ms)[0m  [1m[35mCREATE TABLE "tags" ("id" integer PRIMARY KEY AUTOINCREMENT NOT NULL, "name" varchar NOT NULL)[0m
  ↳ /Users/aeschright/code/calagator/db/migrate/20080705164959_create_tags_and_taggings.rb:8
  [1m[35m (0.1ms)[0m  [1m[35mCREATE UNIQUE INDEX "index_tags_on_name" ON "tags" ("name")[0m
  ↳ /Users/aeschright/code/calagator/db/migrate/20080705164959_create_tags_and_taggings.rb:11
  [1m[35m (0.1ms)[0m  [1m[35mCREATE TABLE "taggings" ("id" integer PRIMARY KEY AUTOINCREMENT NOT NULL, "tag_id" integer NOT NULL, "taggable_id" integer NOT NULL, "taggable_type" varchar NOT NULL)[0m
  ↳ /Users/aeschright/code/calagator/db/migrate/20080705164959_create_tags_and_taggings.rb:13
  [1m[35m (0.1ms)[0m  [1m[35mCREATE UNIQUE INDEX "index_taggings_on_tag_id_and_taggable_id_and_taggable_type" ON "taggings" ("tag_id", "taggable_id", "taggable_type")[0m
  ↳ /Users/aeschright/code/calagator/db/migrate/20080705164959_create_tags_and_taggings.rb:19
  [1m[36mActiveRecord::SchemaMigration Create (0.1ms)[0m  [1m[32mINSERT INTO "schema_migrations" ("version") VALUES (?)[0m  [["version", "20080705164959"]]
  ↳ /Users/aeschright/.rbenv/versions/2.5.9/bin/rake:23
  [1m[35m (0.7ms)[0m  [1m[36mcommit transaction[0m
  ↳ /Users/aeschright/.rbenv/versions/2.5.9/bin/rake:23
Migrating to CreateVersionedEvents (20081011181519)
  [1m[35m (0.0ms)[0m  [1m[36mbegin transaction[0m
  ↳ /Users/aeschright/.rbenv/versions/2.5.9/bin/rake:23
  [1m[36mActiveRecord::SchemaMigration Create (0.2ms)[0m  [1m[32mINSERT INTO "schema_migrations" ("version") VALUES (?)[0m  [["version", "20081011181519"]]
  ↳ /Users/aeschright/.rbenv/versions/2.5.9/bin/rake:23
  [1m[35m (0.3ms)[0m  [1m[36mcommit transaction[0m
  ↳ /Users/aeschright/.rbenv/versions/2.5.9/bin/rake:23
Migrating to CreateVersionedVenues (20081011193124)
  [1m[35m (0.0ms)[0m  [1m[36mbegin transaction[0m
  ↳ /Users/aeschright/.rbenv/versions/2.5.9/bin/rake:23
  [1m[36mActiveRecord::SchemaMigration Create (0.2ms)[0m  [1m[32mINSERT INTO "schema_migrations" ("version") VALUES (?)[0m  [["version", "20081011193124"]]
  ↳ /Users/aeschright/.rbenv/versions/2.5.9/bin/rake:23
  [1m[35m (0.5ms)[0m  [1m[36mcommit transaction[0m
  ↳ /Users/aeschright/.rbenv/versions/2.5.9/bin/rake:23
Migrating to AddRruleToEvents (20081115190515)
  [1m[35m (0.0ms)[0m  [1m[36mbegin transaction[0m
  ↳ /Users/aeschright/.rbenv/versions/2.5.9/bin/rake:23
  [1m[35m (0.3ms)[0m  [1m[35mALTER TABLE "events" ADD "rrule" varchar[0m
  ↳ /Users/aeschright/code/calagator/db/migrate/20081115190515_add_rrule_to_events.rb:9
  [1m[36mActiveRecord::SchemaMigration Create (0.1ms)[0m  [1m[32mINSERT INTO "schema_migrations" ("version") VALUES (?)[0m  [["version", "20081115190515"]]
  ↳ /Users/aeschright/.rbenv/versions/2.5.9/bin/rake:23
  [1m[35m (0.4ms)[0m  [1m[36mcommit transaction[0m
  ↳ /Users/aeschright/.rbenv/versions/2.5.9/bin/rake:23
Migrating to CreateVersions (20090912082129)
  [1m[35m (0.0ms)[0m  [1m[36mbegin transaction[0m
  ↳ /Users/aeschright/.rbenv/versions/2.5.9/bin/rake:23
  [1m[35m (0.2ms)[0m  [1m[35mCREATE TABLE "versions" ("id" integer PRIMARY KEY AUTOINCREMENT NOT NULL, "item_type" varchar NOT NULL, "item_id" integer NOT NULL, "event" varchar NOT NULL, "whodunnit" varchar, "object" text, "created_at" datetime)[0m
  ↳ /Users/aeschright/code/calagator/db/migrate/20090912082129_create_versions.rb:5
  [1m[35m (0.1ms)[0m  [1m[35mCREATE  INDEX "index_versions_on_item_type_and_item_id" ON "versions" ("item_type", "item_id")[0m
  ↳ /Users/aeschright/code/calagator/db/migrate/20090912082129_create_versions.rb:13
  [1m[36mActiveRecord::SchemaMigration Create (0.1ms)[0m  [1m[32mINSERT INTO "schema_migrations" ("version") VALUES (?)[0m  [["version", "20090912082129"]]
  ↳ /Users/aeschright/.rbenv/versions/2.5.9/bin/rake:23
  [1m[35m (0.6ms)[0m  [1m[36mcommit transaction[0m
  ↳ /Users/aeschright/.rbenv/versions/2.5.9/bin/rake:23
Migrating to AddClosedFlagToVenues (20110219205156)
  [1m[35m (0.0ms)[0m  [1m[36mbegin transaction[0m
  ↳ /Users/aeschright/.rbenv/versions/2.5.9/bin/rake:23
  [1m[35m (0.3ms)[0m  [1m[35mALTER TABLE "venues" ADD "closed" boolean DEFAULT 0[0m
  ↳ /Users/aeschright/code/calagator/db/migrate/20110219205156_add_closed_flag_to_venues.rb:5
  [1m[36mActiveRecord::SchemaMigration Create (0.1ms)[0m  [1m[32mINSERT INTO "schema_migrations" ("version") VALUES (?)[0m  [["version", "20110219205156"]]
  ↳ /Users/aeschright/.rbenv/versions/2.5.9/bin/rake:23
  [1m[35m (0.5ms)[0m  [1m[36mcommit transaction[0m
  ↳ /Users/aeschright/.rbenv/versions/2.5.9/bin/rake:23
Migrating to AddWifiFlagToVenues (20110220001008)
  [1m[35m (0.0ms)[0m  [1m[36mbegin transaction[0m
  ↳ /Users/aeschright/.rbenv/versions/2.5.9/bin/rake:23
  [1m[35m (0.3ms)[0m  [1m[35mALTER TABLE "venues" ADD "wifi" boolean DEFAULT 0[0m
  ↳ /Users/aeschright/code/calagator/db/migrate/20110220001008_add_wifi_flag_to_venues.rb:5
  [1m[36mActiveRecord::SchemaMigration Create (0.1ms)[0m  [1m[32mINSERT INTO "schema_migrations" ("version") VALUES (?)[0m  [["version", "20110220001008"]]
  ↳ /Users/aeschright/.rbenv/versions/2.5.9/bin/rake:23
  [1m[35m (0.5ms)[0m  [1m[36mcommit transaction[0m
  ↳ /Users/aeschright/.rbenv/versions/2.5.9/bin/rake:23
Migrating to AddAccessNotesToVenues (20110220011427)
  [1m[35m (0.0ms)[0m  [1m[36mbegin transaction[0m
  ↳ /Users/aeschright/.rbenv/versions/2.5.9/bin/rake:23
  [1m[35m (0.3ms)[0m  [1m[35mALTER TABLE "venues" ADD "access_notes" text[0m
  ↳ /Users/aeschright/code/calagator/db/migrate/20110220011427_add_access_notes_to_venues.rb:5
  [1m[36mActiveRecord::SchemaMigration Create (0.1ms)[0m  [1m[32mINSERT INTO "schema_migrations" ("version") VALUES (?)[0m  [["version", "20110220011427"]]
  ↳ /Users/aeschright/.rbenv/versions/2.5.9/bin/rake:23
  [1m[35m (0.4ms)[0m  [1m[36mcommit transaction[0m
  ↳ /Users/aeschright/.rbenv/versions/2.5.9/bin/rake:23
Migrating to AddEventsCountToVenues (20110220031117)
  [1m[35m (0.0ms)[0m  [1m[36mbegin transaction[0m
  ↳ /Users/aeschright/.rbenv/versions/2.5.9/bin/rake:23
  [1m[35m (0.4ms)[0m  [1m[35mALTER TABLE "venues" ADD "events_count" integer[0m
  ↳ /Users/aeschright/code/calagator/db/migrate/20110220031117_add_events_count_to_venues.rb:5
  [1m[36mActiveRecord::SchemaMigration Create (0.1ms)[0m  [1m[32mINSERT INTO "schema_migrations" ("version") VALUES (?)[0m  [["version", "20110220031117"]]
  ↳ /Users/aeschright/.rbenv/versions/2.5.9/bin/rake:23
  [1m[35m (0.6ms)[0m  [1m[36mcommit transaction[0m
  ↳ /Users/aeschright/.rbenv/versions/2.5.9/bin/rake:23
Migrating to AddVenueDetailsToEvents (20110604174521)
  [1m[35m (0.0ms)[0m  [1m[36mbegin transaction[0m
  ↳ /Users/aeschright/.rbenv/versions/2.5.9/bin/rake:23
  [1m[35m (0.4ms)[0m  [1m[35mALTER TABLE "events" ADD "venue_details" text[0m
  ↳ /Users/aeschright/code/calagator/db/migrate/20110604174521_add_venue_details_to_events.rb:5
  [1m[36mActiveRecord::SchemaMigration Create (0.1ms)[0m  [1m[32mINSERT INTO "schema_migrations" ("version") VALUES (?)[0m  [["version", "20110604174521"]]
  ↳ /Users/aeschright/.rbenv/versions/2.5.9/bin/rake:23
  [1m[35m (0.4ms)[0m  [1m[36mcommit transaction[0m
  ↳ /Users/aeschright/.rbenv/versions/2.5.9/bin/rake:23
Migrating to ActsAsTaggableOnMigration (20110717231316)
  [1m[35m (0.0ms)[0m  [1m[36mbegin transaction[0m
  ↳ /Users/aeschright/.rbenv/versions/2.5.9/bin/rake:23
  [1m[35m (0.4ms)[0m  [1m[35mALTER TABLE "taggings" ADD "tagger_id" integer[0m
  ↳ /Users/aeschright/code/calagator/db/migrate/20110717231316_acts_as_taggable_on_migration.rb:12
  [1m[35m (0.2ms)[0m  [1m[35mALTER TABLE "taggings" ADD "tagger_type" varchar[0m
  ↳ /Users/aeschright/code/calagator/db/migrate/20110717231316_acts_as_taggable_on_migration.rb:13
  [1m[35m (0.3ms)[0m  [1m[35mALTER TABLE "taggings" ADD "context" varchar[0m
  ↳ /Users/aeschright/code/calagator/db/migrate/20110717231316_acts_as_taggable_on_migration.rb:14
  [1m[35m (0.2ms)[0m  [1m[35mALTER TABLE "taggings" ADD "created_at" datetime[0m
  ↳ /Users/aeschright/code/calagator/db/migrate/20110717231316_acts_as_taggable_on_migration.rb:15
  [1m[35m (0.0ms)[0m  [1m[33mUPDATE taggings SET context='tags' WHERE context IS NULL[0m
  ↳ /Users/aeschright/code/calagator/db/migrate/20110717231316_acts_as_taggable_on_migration.rb:18
  [1m[35m (0.1ms)[0m  [1m[35mDROP INDEX "index_taggings_on_tag_id_and_taggable_id_and_taggable_type"[0m
  ↳ /Users/aeschright/code/calagator/db/migrate/20110717231316_acts_as_taggable_on_migration.rb:33
  [1m[35m (0.1ms)[0m  [1m[35mCREATE  INDEX "index_taggings_on_tag_id" ON "taggings" ("tag_id")[0m
  ↳ /Users/aeschright/code/calagator/db/migrate/20110717231316_acts_as_taggable_on_migration.rb:34
  [1m[35m (0.1ms)[0m  [1m[35mCREATE  INDEX "index_taggings_on_taggable_id_and_taggable_type_and_context" ON "taggings" ("taggable_id", "taggable_type", "context")[0m
  ↳ /Users/aeschright/code/calagator/db/migrate/20110717231316_acts_as_taggable_on_migration.rb:35
  [1m[36mActiveRecord::SchemaMigration Create (0.1ms)[0m  [1m[32mINSERT INTO "schema_migrations" ("version") VALUES (?)[0m  [["version", "20110717231316"]]
  ↳ /Users/aeschright/.rbenv/versions/2.5.9/bin/rake:23
  [1m[35m (0.7ms)[0m  [1m[36mcommit transaction[0m
  ↳ /Users/aeschright/.rbenv/versions/2.5.9/bin/rake:23
Migrating to Cleanup (20120709092821)
  [1m[35m (0.0ms)[0m  [1m[36mbegin transaction[0m
  ↳ /Users/aeschright/.rbenv/versions/2.5.9/bin/rake:23
  [1m[36mActiveRecord::SchemaMigration Create (0.2ms)[0m  [1m[32mINSERT INTO "schema_migrations" ("version") VALUES (?)[0m  [["version", "20120709092821"]]
  ↳ /Users/aeschright/.rbenv/versions/2.5.9/bin/rake:23
  [1m[35m (0.4ms)[0m  [1m[36mcommit transaction[0m
  ↳ /Users/aeschright/.rbenv/versions/2.5.9/bin/rake:23
Migrating to SpecifyVenuesLatitudeAndLongitudePrecision (20120831234448)
  [1m[35m (0.0ms)[0m  [1m[36mbegin transaction[0m
  ↳ /Users/aeschright/.rbenv/versions/2.5.9/bin/rake:23
  [1m[35m (0.1ms)[0m  [1m[35mCREATE TEMPORARY TABLE "avenues" ("id" integer NOT NULL PRIMARY KEY, "title" varchar DEFAULT NULL, "description" text DEFAULT NULL, "address" varchar DEFAULT NULL, "url" varchar DEFAULT NULL, "created_at" datetime DEFAULT NULL, "updated_at" datetime DEFAULT NULL, "street_address" varchar DEFAULT NULL, "locality" varchar DEFAULT NULL, "region" varchar DEFAULT NULL, "postal_code" varchar DEFAULT NULL, "country" varchar DEFAULT NULL, "latitude" decimal(15,10) DEFAULT NULL, "longitude" decimal(15,10) DEFAULT NULL, "email" varchar DEFAULT NULL, "telephone" varchar DEFAULT NULL, "source_id" integer DEFAULT NULL, "duplicate_of_id" integer DEFAULT NULL, "closed" boolean DEFAULT 0, "wifi" boolean DEFAULT 0, "access_notes" text DEFAULT NULL, "events_count" integer DEFAULT NULL)[0m
  ↳ /Users/aeschright/code/calagator/db/migrate/20120831234448_specify_venues_latitude_and_longitude_precision.rb:5
  [1m[35m (0.1ms)[0m  [1m[32mINSERT INTO "avenues" ("id","title","description","address","url","created_at","updated_at","street_address","locality","region","postal_code","country","latitude","longitude","email","telephone","source_id","duplicate_of_id","closed","wifi","access_notes","events_count")
                     SELECT "id","title","description","address","url","created_at","updated_at","street_address","locality","region","postal_code","country","latitude","longitude","email","telephone","source_id","duplicate_of_id","closed","wifi","access_notes","events_count" FROM "venues"[0m
  ↳ /Users/aeschright/code/calagator/db/migrate/20120831234448_specify_venues_latitude_and_longitude_precision.rb:5
  [1m[35m (0.2ms)[0m  [1m[35mDROP TABLE "venues"[0m
  ↳ /Users/aeschright/code/calagator/db/migrate/20120831234448_specify_venues_latitude_and_longitude_precision.rb:5
  [1m[35m (0.1ms)[0m  [1m[35mCREATE TABLE "venues" ("id" integer NOT NULL PRIMARY KEY, "title" varchar DEFAULT NULL, "description" text DEFAULT NULL, "address" varchar DEFAULT NULL, "url" varchar DEFAULT NULL, "created_at" datetime DEFAULT NULL, "updated_at" datetime DEFAULT NULL, "street_address" varchar DEFAULT NULL, "locality" varchar DEFAULT NULL, "region" varchar DEFAULT NULL, "postal_code" varchar DEFAULT NULL, "country" varchar DEFAULT NULL, "latitude" decimal(7,4) DEFAULT NULL, "longitude" decimal(15,10) DEFAULT NULL, "email" varchar DEFAULT NULL, "telephone" varchar DEFAULT NULL, "source_id" integer DEFAULT NULL, "duplicate_of_id" integer DEFAULT NULL, "closed" boolean DEFAULT 0, "wifi" boolean DEFAULT 0, "access_notes" text DEFAULT NULL, "events_count" integer DEFAULT NULL)[0m
  ↳ /Users/aeschright/code/calagator/db/migrate/20120831234448_specify_venues_latitude_and_longitude_precision.rb:5
  [1m[35m (0.1ms)[0m  [1m[32mINSERT INTO "venues" ("id","title","description","address","url","created_at","updated_at","street_address","locality","region","postal_code","country","latitude","longitude","email","telephone","source_id","duplicate_of_id","closed","wifi","access_notes","events_count")
                     SELECT "id","title","description","address","url","created_at","updated_at","street_address","locality","region","postal_code","country","latitude","longitude","email","telephone","source_id","duplicate_of_id","closed","wifi","access_notes","events_count" FROM "avenues"[0m
  ↳ /Users/aeschright/code/calagator/db/migrate/20120831234448_specify_venues_latitude_and_longitude_precision.rb:5
  [1m[35m (0.1ms)[0m  [1m[35mDROP TABLE "avenues"[0m
  ↳ /Users/aeschright/code/calagator/db/migrate/20120831234448_specify_venues_latitude_and_longitude_precision.rb:5
  [1m[35m (0.1ms)[0m  [1m[35mCREATE TEMPORARY TABLE "avenues" ("id" integer NOT NULL PRIMARY KEY, "title" varchar DEFAULT NULL, "description" text DEFAULT NULL, "address" varchar DEFAULT NULL, "url" varchar DEFAULT NULL, "created_at" datetime DEFAULT NULL, "updated_at" datetime DEFAULT NULL, "street_address" varchar DEFAULT NULL, "locality" varchar DEFAULT NULL, "region" varchar DEFAULT NULL, "postal_code" varchar DEFAULT NULL, "country" varchar DEFAULT NULL, "latitude" decimal(7,4) DEFAULT NULL, "longitude" decimal(15,10) DEFAULT NULL, "email" varchar DEFAULT NULL, "telephone" varchar DEFAULT NULL, "source_id" integer DEFAULT NULL, "duplicate_of_id" integer DEFAULT NULL, "closed" boolean DEFAULT 0, "wifi" boolean DEFAULT 0, "access_notes" text DEFAULT NULL, "events_count" integer DEFAULT NULL)[0m
  ↳ /Users/aeschright/code/calagator/db/migrate/20120831234448_specify_venues_latitude_and_longitude_precision.rb:6
  [1m[35m (0.1ms)[0m  [1m[32mINSERT INTO "avenues" ("id","title","description","address","url","created_at","updated_at","street_address","locality","region","postal_code","country","latitude","longitude","email","telephone","source_id","duplicate_of_id","closed","wifi","access_notes","events_count")
                     SELECT "id","title","description","address","url","created_at","updated_at","street_address","locality","region","postal_code","country","latitude","longitude","email","telephone","source_id","duplicate_of_id","closed","wifi","access_notes","events_count" FROM "venues"[0m
  ↳ /Users/aeschright/code/calagator/db/migrate/20120831234448_specify_venues_latitude_and_longitude_precision.rb:6
  [1m[35m (0.1ms)[0m  [1m[35mDROP TABLE "venues"[0m
  ↳ /Users/aeschright/code/calagator/db/migrate/20120831234448_specify_venues_latitude_and_longitude_precision.rb:6
  [1m[35m (0.1ms)[0m  [1m[35mCREATE TABLE "venues" ("id" integer NOT NULL PRIMARY KEY, "title" varchar DEFAULT NULL, "description" text DEFAULT NULL, "address" varchar DEFAULT NULL, "url" varchar DEFAULT NULL, "created_at" datetime DEFAULT NULL, "updated_at" datetime DEFAULT NULL, "street_address" varchar DEFAULT NULL, "locality" varchar DEFAULT NULL, "region" varchar DEFAULT NULL, "postal_code" varchar DEFAULT NULL, "country" varchar DEFAULT NULL, "latitude" decimal(7,4) DEFAULT NULL, "longitude" decimal(7,4) DEFAULT NULL, "email" varchar DEFAULT NULL, "telephone" varchar DEFAULT NULL, "source_id" integer DEFAULT NULL, "duplicate_of_id" integer DEFAULT NULL, "closed" boolean DEFAULT 0, "wifi" boolean DEFAULT 0, "access_notes" text DEFAULT NULL, "events_count" integer DEFAULT NULL)[0m
  ↳ /Users/aeschright/code/calagator/db/migrate/20120831234448_specify_venues_latitude_and_longitude_precision.rb:6
  [1m[35m (0.1ms)[0m  [1m[32mINSERT INTO "venues" ("id","title","description","address","url","created_at","updated_at","street_address","locality","region","postal_code","country","latitude","longitude","email","telephone","source_id","duplicate_of_id","closed","wifi","access_notes","events_count")
                     SELECT "id","title","description","address","url","created_at","updated_at","street_address","locality","region","postal_code","country","latitude","longitude","email","telephone","source_id","duplicate_of_id","closed","wifi","access_notes","events_count" FROM "avenues"[0m
  ↳ /Users/aeschright/code/calagator/db/migrate/20120831234448_specify_venues_latitude_and_longitude_precision.rb:6
  [1m[35m (0.1ms)[0m  [1m[35mDROP TABLE "avenues"[0m
  ↳ /Users/aeschright/code/calagator/db/migrate/20120831234448_specify_venues_latitude_and_longitude_precision.rb:6
  [1m[36mActiveRecord::SchemaMigration Create (0.1ms)[0m  [1m[32mINSERT INTO "schema_migrations" ("version") VALUES (?)[0m  [["version", "20120831234448"]]
  ↳ /Users/aeschright/.rbenv/versions/2.5.9/bin/rake:23
  [1m[35m (0.3ms)[0m  [1m[36mcommit transaction[0m
  ↳ /Users/aeschright/.rbenv/versions/2.5.9/bin/rake:23
Migrating to RemoveUpdates (20150206085809)
  [1m[35m (0.0ms)[0m  [1m[36mbegin transaction[0m
  ↳ /Users/aeschright/.rbenv/versions/2.5.9/bin/rake:23
  [1m[35m (0.2ms)[0m  [1m[35mDROP TABLE "updates"[0m
  ↳ /Users/aeschright/code/calagator/db/migrate/20150206085809_remove_updates.rb:5
  [1m[36mActiveRecord::SchemaMigration Create (0.1ms)[0m  [1m[32mINSERT INTO "schema_migrations" ("version") VALUES (?)[0m  [["version", "20150206085809"]]
  ↳ /Users/aeschright/.rbenv/versions/2.5.9/bin/rake:23
  [1m[35m (0.6ms)[0m  [1m[36mcommit transaction[0m
  ↳ /Users/aeschright/.rbenv/versions/2.5.9/bin/rake:23
Migrating to AddLockedStatusToEvents (20150207231355)
  [1m[35m (0.0ms)[0m  [1m[36mbegin transaction[0m
  ↳ /Users/aeschright/.rbenv/versions/2.5.9/bin/rake:23
  [1m[35m (0.4ms)[0m  [1m[35mALTER TABLE "events" ADD "locked" boolean DEFAULT 0[0m
  ↳ /Users/aeschright/code/calagator/db/migrate/20150207231355_add_locked_status_to_events.rb:5
  [1m[36mActiveRecord::SchemaMigration Create (0.1ms)[0m  [1m[32mINSERT INTO "schema_migrations" ("version") VALUES (?)[0m  [["version", "20150207231355"]]
  ↳ /Users/aeschright/.rbenv/versions/2.5.9/bin/rake:23
  [1m[35m (0.7ms)[0m  [1m[36mcommit transaction[0m
  ↳ /Users/aeschright/.rbenv/versions/2.5.9/bin/rake:23
Migrating to AddTaggingsCounterCacheToTags (20150407014752)
  [1m[35m (0.0ms)[0m  [1m[36mbegin transaction[0m
  ↳ /Users/aeschright/.rbenv/versions/2.5.9/bin/rake:23
  [1m[35m (0.5ms)[0m  [1m[35mALTER TABLE "tags" ADD "taggings_count" integer DEFAULT 0[0m
  ↳ /Users/aeschright/code/calagator/db/migrate/20150407014752_add_taggings_counter_cache_to_tags.acts_as_taggable_on_engine.rb:5
  [1m[36mActsAsTaggableOn::Tag Load (0.1ms)[0m  [1m[34mSELECT  "tags".* FROM "tags" ORDER BY "tags"."id" ASC LIMIT ?[0m  [["LIMIT", 1000]]
  ↳ /Users/aeschright/code/calagator/db/migrate/20150407014752_add_taggings_counter_cache_to_tags.acts_as_taggable_on_engine.rb:8
  [1m[36mActiveRecord::SchemaMigration Create (0.1ms)[0m  [1m[32mINSERT INTO "schema_migrations" ("version") VALUES (?)[0m  [["version", "20150407014752"]]
  ↳ /Users/aeschright/.rbenv/versions/2.5.9/bin/rake:23
  [1m[35m (0.6ms)[0m  [1m[36mcommit transaction[0m
  ↳ /Users/aeschright/.rbenv/versions/2.5.9/bin/rake:23
Migrating to ChangeCollationForTagNames (20150407014754)
  [1m[35m (0.1ms)[0m  [1m[36mbegin transaction[0m
  ↳ /Users/aeschright/.rbenv/versions/2.5.9/bin/rake:23
  [1m[36mActiveRecord::SchemaMigration Create (0.3ms)[0m  [1m[32mINSERT INTO "schema_migrations" ("version") VALUES (?)[0m  [["version", "20150407014754"]]
  ↳ /Users/aeschright/.rbenv/versions/2.5.9/bin/rake:23
  [1m[35m (0.4ms)[0m  [1m[36mcommit transaction[0m
  ↳ /Users/aeschright/.rbenv/versions/2.5.9/bin/rake:23
Migrating to DropReimportColumnFromSources (20150702171204)
  [1m[35m (0.0ms)[0m  [1m[36mbegin transaction[0m
  ↳ /Users/aeschright/.rbenv/versions/2.5.9/bin/rake:23
  [1m[35m (0.1ms)[0m  [1m[35mCREATE TEMPORARY TABLE "asources" ("id" integer NOT NULL PRIMARY KEY, "title" varchar DEFAULT NULL, "url" varchar DEFAULT NULL, "imported_at" datetime DEFAULT NULL, "created_at" datetime DEFAULT NULL, "updated_at" datetime DEFAULT NULL, "reimport" boolean DEFAULT NULL)[0m
  ↳ /Users/aeschright/code/calagator/db/migrate/20150702171204_drop_reimport_column_from_sources.rb:5
  [1m[35m (0.0ms)[0m  [1m[32mINSERT INTO "asources" ("id","title","url","imported_at","created_at","updated_at","reimport")
                     SELECT "id","title","url","imported_at","created_at","updated_at","reimport" FROM "sources"[0m
  ↳ /Users/aeschright/code/calagator/db/migrate/20150702171204_drop_reimport_column_from_sources.rb:5
  [1m[35m (0.2ms)[0m  [1m[35mDROP TABLE "sources"[0m
  ↳ /Users/aeschright/code/calagator/db/migrate/20150702171204_drop_reimport_column_from_sources.rb:5
  [1m[35m (0.1ms)[0m  [1m[35mCREATE TABLE "sources" ("id" integer NOT NULL PRIMARY KEY, "title" varchar DEFAULT NULL, "url" varchar DEFAULT NULL, "imported_at" datetime DEFAULT NULL, "created_at" datetime DEFAULT NULL, "updated_at" datetime DEFAULT NULL)[0m
  ↳ /Users/aeschright/code/calagator/db/migrate/20150702171204_drop_reimport_column_from_sources.rb:5
  [1m[35m (0.1ms)[0m  [1m[32mINSERT INTO "sources" ("id","title","url","imported_at","created_at","updated_at")
                     SELECT "id","title","url","imported_at","created_at","updated_at" FROM "asources"[0m
  ↳ /Users/aeschright/code/calagator/db/migrate/20150702171204_drop_reimport_column_from_sources.rb:5
  [1m[35m (0.1ms)[0m  [1m[35mDROP TABLE "asources"[0m
  ↳ /Users/aeschright/code/calagator/db/migrate/20150702171204_drop_reimport_column_from_sources.rb:5
  [1m[36mActiveRecord::SchemaMigration Create (0.1ms)[0m  [1m[32mINSERT INTO "schema_migrations" ("version") VALUES (?)[0m  [["version", "20150702171204"]]
  ↳ /Users/aeschright/.rbenv/versions/2.5.9/bin/rake:23
  [1m[35m (0.5ms)[0m  [1m[36mcommit transaction[0m
  ↳ /Users/aeschright/.rbenv/versions/2.5.9/bin/rake:23
Migrating to AddMissingIndexesOnTaggings (20200327040656)
  [1m[35m (0.1ms)[0m  [1m[36mbegin transaction[0m
  ↳ /Users/aeschright/.rbenv/versions/2.5.9/bin/rake:23
  [1m[35m (0.3ms)[0m  [1m[35mCREATE  INDEX "index_taggings_on_taggable_id" ON "taggings" ("taggable_id")[0m
  ↳ /Users/aeschright/code/calagator/db/migrate/20200327040656_add_missing_indexes_on_taggings.acts_as_taggable_on_engine.rb:12
  [1m[35m (0.1ms)[0m  [1m[35mCREATE  INDEX "index_taggings_on_taggable_type" ON "taggings" ("taggable_type")[0m
  ↳ /Users/aeschright/code/calagator/db/migrate/20200327040656_add_missing_indexes_on_taggings.acts_as_taggable_on_engine.rb:13
  [1m[35m (0.1ms)[0m  [1m[35mCREATE  INDEX "index_taggings_on_tagger_id" ON "taggings" ("tagger_id")[0m
  ↳ /Users/aeschright/code/calagator/db/migrate/20200327040656_add_missing_indexes_on_taggings.acts_as_taggable_on_engine.rb:14
  [1m[35m (0.1ms)[0m  [1m[35mCREATE  INDEX "index_taggings_on_context" ON "taggings" ("context")[0m
  ↳ /Users/aeschright/code/calagator/db/migrate/20200327040656_add_missing_indexes_on_taggings.acts_as_taggable_on_engine.rb:15
  [1m[35m (0.1ms)[0m  [1m[35mCREATE  INDEX "index_taggings_on_tagger_id_and_tagger_type" ON "taggings" ("tagger_id", "tagger_type")[0m
  ↳ /Users/aeschright/code/calagator/db/migrate/20200327040656_add_missing_indexes_on_taggings.acts_as_taggable_on_engine.rb:18
  [1m[35m (0.1ms)[0m  [1m[35mCREATE  INDEX "taggings_idy" ON "taggings" ("taggable_id", "taggable_type", "tagger_id", "context")[0m
  ↳ /Users/aeschright/code/calagator/db/migrate/20200327040656_add_missing_indexes_on_taggings.acts_as_taggable_on_engine.rb:22
  [1m[36mActiveRecord::SchemaMigration Create (0.1ms)[0m  [1m[32mINSERT INTO "schema_migrations" ("version") VALUES (?)[0m  [["version", "20200327040656"]]
  ↳ /Users/aeschright/.rbenv/versions/2.5.9/bin/rake:23
  [1m[35m (0.8ms)[0m  [1m[36mcommit transaction[0m
  ↳ /Users/aeschright/.rbenv/versions/2.5.9/bin/rake:23
  [1m[36mActiveRecord::InternalMetadata Load (0.1ms)[0m  [1m[34mSELECT  "ar_internal_metadata".* FROM "ar_internal_metadata" WHERE "ar_internal_metadata"."key" = ? LIMIT ?[0m  [["key", "environment"], ["LIMIT", 1]]
  ↳ /Users/aeschright/.rbenv/versions/2.5.9/bin/rake:23
  [1m[35m (0.0ms)[0m  [1m[36mbegin transaction[0m
  ↳ /Users/aeschright/.rbenv/versions/2.5.9/bin/rake:23
  [1m[36mActiveRecord::InternalMetadata Create (0.2ms)[0m  [1m[32mINSERT INTO "ar_internal_metadata" ("key", "value", "created_at", "updated_at") VALUES (?, ?, ?, ?)[0m  [["key", "environment"], ["value", "development"], ["created_at", "2021-09-28 23:04:06.249644"], ["updated_at", "2021-09-28 23:04:06.249644"]]
  ↳ /Users/aeschright/.rbenv/versions/2.5.9/bin/rake:23
  [1m[35m (0.5ms)[0m  [1m[36mcommit transaction[0m
  ↳ /Users/aeschright/.rbenv/versions/2.5.9/bin/rake:23
  [1m[35m (0.1ms)[0m  [1m[34mSELECT "schema_migrations"."version" FROM "schema_migrations" ORDER BY "schema_migrations"."version" ASC[0m
  ↳ /Users/aeschright/.rbenv/versions/2.5.9/bin/rake:23
  [1m[35m (0.1ms)[0m  [1m[34mSELECT "schema_migrations"."version" FROM "schema_migrations" ORDER BY "schema_migrations"."version" ASC[0m
  ↳ /Users/aeschright/.rbenv/versions/2.5.9/bin/rake:23
  [1m[35m (0.1ms)[0m  [1m[34mSELECT "ar_internal_metadata"."value" FROM "ar_internal_metadata" WHERE "ar_internal_metadata"."key" = ?[0m  [["key", "environment"]]
  ↳ /Users/aeschright/.rbenv/versions/2.5.9/bin/rake:23
  [1m[35m (0.1ms)[0m  [1m[34mSELECT "schema_migrations"."version" FROM "schema_migrations" ORDER BY "schema_migrations"."version" ASC[0m
  ↳ /Users/aeschright/.rbenv/versions/2.5.9/bin/rake:23
  [1m[35m (0.0ms)[0m  [1m[34mSELECT "ar_internal_metadata"."value" FROM "ar_internal_metadata" WHERE "ar_internal_metadata"."key" = ?[0m  [["key", "environment"]]
  ↳ /Users/aeschright/.rbenv/versions/2.5.9/bin/rake:23
  [1m[35m (0.1ms)[0m  [1m[34mSELECT "schema_migrations"."version" FROM "schema_migrations" ORDER BY "schema_migrations"."version" ASC[0m
  ↳ /Users/aeschright/.rbenv/versions/2.5.9/bin/rake:23
  [1m[35m (0.0ms)[0m  [1m[34mSELECT "ar_internal_metadata"."value" FROM "ar_internal_metadata" WHERE "ar_internal_metadata"."key" = ?[0m  [["key", "environment"]]
  ↳ /Users/aeschright/.rbenv/versions/2.5.9/bin/rake:23
  [1m[35m (0.0ms)[0m  [1m[35mDROP TABLE IF EXISTS "events"[0m
  ↳ db/schema.rb:15
  [1m[35m (0.0ms)[0m  [1m[34mSELECT sqlite_version(*)[0m
  ↳ db/schema.rb:15
  [1m[35m (1.0ms)[0m  [1m[35mCREATE TABLE "events" ("id" integer PRIMARY KEY AUTOINCREMENT NOT NULL, "title" varchar, "description" text, "start_time" datetime, "venue_id" integer, "url" varchar, "created_at" datetime, "updated_at" datetime, "source_id" integer, "duplicate_of_id" integer, "end_time" datetime, "rrule" varchar, "venue_details" text, "locked" boolean DEFAULT 0)[0m
  ↳ db/schema.rb:15
  [1m[35m (0.1ms)[0m  [1m[35mDROP TABLE IF EXISTS "sources"[0m
  ↳ db/schema.rb:31
  [1m[35m (0.7ms)[0m  [1m[35mCREATE TABLE "sources" ("id" integer PRIMARY KEY AUTOINCREMENT NOT NULL, "title" varchar, "url" varchar, "imported_at" datetime, "created_at" datetime, "updated_at" datetime)[0m
  ↳ db/schema.rb:31
  [1m[35m (0.1ms)[0m  [1m[35mDROP TABLE IF EXISTS "taggings"[0m
  ↳ db/schema.rb:39
  [1m[35m (0.7ms)[0m  [1m[35mCREATE TABLE "taggings" ("id" integer PRIMARY KEY AUTOINCREMENT NOT NULL, "tag_id" integer NOT NULL, "taggable_id" integer NOT NULL, "taggable_type" varchar NOT NULL, "tagger_id" integer, "tagger_type" varchar, "context" varchar, "created_at" datetime)[0m
  ↳ db/schema.rb:39
  [1m[35m (0.8ms)[0m  [1m[35mCREATE  INDEX "index_taggings_on_context" ON "taggings" ("context")[0m
  ↳ db/schema.rb:39
  [1m[35m (0.8ms)[0m  [1m[35mCREATE  INDEX "index_taggings_on_tag_id" ON "taggings" ("tag_id")[0m
  ↳ db/schema.rb:39
  [1m[35m (0.8ms)[0m  [1m[35mCREATE  INDEX "index_taggings_on_taggable_id_and_taggable_type_and_context" ON "taggings" ("taggable_id", "taggable_type", "context")[0m
  ↳ db/schema.rb:39
  [1m[35m (0.8ms)[0m  [1m[35mCREATE  INDEX "taggings_idy" ON "taggings" ("taggable_id", "taggable_type", "tagger_id", "context")[0m
  ↳ db/schema.rb:39
  [1m[35m (0.8ms)[0m  [1m[35mCREATE  INDEX "index_taggings_on_taggable_id" ON "taggings" ("taggable_id")[0m
  ↳ db/schema.rb:39
  [1m[35m (0.6ms)[0m  [1m[35mCREATE  INDEX "index_taggings_on_taggable_type" ON "taggings" ("taggable_type")[0m
  ↳ db/schema.rb:39
  [1m[35m (0.8ms)[0m  [1m[35mCREATE  INDEX "index_taggings_on_tagger_id_and_tagger_type" ON "taggings" ("tagger_id", "tagger_type")[0m
  ↳ db/schema.rb:39
  [1m[35m (0.6ms)[0m  [1m[35mCREATE  INDEX "index_taggings_on_tagger_id" ON "taggings" ("tagger_id")[0m
  ↳ db/schema.rb:39
  [1m[35m (0.1ms)[0m  [1m[35mDROP TABLE IF EXISTS "tags"[0m
  ↳ db/schema.rb:57
  [1m[35m (0.8ms)[0m  [1m[35mCREATE TABLE "tags" ("id" integer PRIMARY KEY AUTOINCREMENT NOT NULL, "name" varchar NOT NULL, "taggings_count" integer DEFAULT 0)[0m
  ↳ db/schema.rb:57
  [1m[35m (0.8ms)[0m  [1m[35mCREATE UNIQUE INDEX "index_tags_on_name" ON "tags" ("name")[0m
  ↳ db/schema.rb:57
  [1m[35m (0.1ms)[0m  [1m[35mDROP TABLE IF EXISTS "venues"[0m
  ↳ db/schema.rb:63
  [1m[35m (0.8ms)[0m  [1m[35mCREATE TABLE "venues" ("id" integer PRIMARY KEY AUTOINCREMENT NOT NULL, "title" varchar, "description" text, "address" varchar, "url" varchar, "created_at" datetime, "updated_at" datetime, "street_address" varchar, "locality" varchar, "region" varchar, "postal_code" varchar, "country" varchar, "latitude" decimal(7,4), "longitude" decimal(7,4), "email" varchar, "telephone" varchar, "source_id" integer, "duplicate_of_id" integer, "closed" boolean DEFAULT 0, "wifi" boolean DEFAULT 0, "access_notes" text, "events_count" integer)[0m
  ↳ db/schema.rb:63
  [1m[35m (0.1ms)[0m  [1m[35mDROP TABLE IF EXISTS "versions"[0m
  ↳ db/schema.rb:87
  [1m[35m (1.1ms)[0m  [1m[35mCREATE TABLE "versions" ("id" integer PRIMARY KEY AUTOINCREMENT NOT NULL, "item_type" varchar NOT NULL, "item_id" integer NOT NULL, "event" varchar NOT NULL, "whodunnit" varchar, "object" text, "created_at" datetime)[0m
  ↳ db/schema.rb:87
  [1m[35m (1.0ms)[0m  [1m[35mCREATE  INDEX "index_versions_on_item_type_and_item_id" ON "versions" ("item_type", "item_id")[0m
  ↳ db/schema.rb:87
  [1m[35m (0.8ms)[0m  [1m[35mCREATE TABLE "schema_migrations" ("version" varchar NOT NULL PRIMARY KEY)[0m
  ↳ db/schema.rb:13
  [1m[35m (0.1ms)[0m  [1m[34mSELECT "schema_migrations"."version" FROM "schema_migrations" ORDER BY "schema_migrations"."version" ASC[0m
  ↳ db/schema.rb:13
  [1m[35m (0.8ms)[0m  [1m[32mINSERT INTO "schema_migrations" (version) VALUES (20200327040656)[0m
  ↳ db/schema.rb:13
  [1m[35m (0.8ms)[0m  [1m[32mINSERT INTO "schema_migrations" (version) VALUES
(20080705163959),
(3),
(20150407014752),
(20120709092821),
(20110220031117),
(10),
(14),
(20110220011427),
(4),
(20150207231355),
(20150702171204),
(20110219205156),
(20081011181519),
(15),
(20110220001008),
(6),
(20110717231316),
(2),
(20090912082129),
(20110604174521),
(12),
(20081115190515),
(8),
(20081011193124),
(11),
(20120831234448),
(20150206085809),
(5),
(1),
(9),
(20080705164959),
(20150407014754),
(13),
(16);

[0m
  ↳ db/schema.rb:13
  [1m[35m (0.8ms)[0m  [1m[35mCREATE TABLE "ar_internal_metadata" ("key" varchar NOT NULL PRIMARY KEY, "value" varchar, "created_at" datetime NOT NULL, "updated_at" datetime NOT NULL)[0m
  ↳ db/schema.rb:13
  [1m[36mActiveRecord::InternalMetadata Load (0.1ms)[0m  [1m[34mSELECT  "ar_internal_metadata".* FROM "ar_internal_metadata" WHERE "ar_internal_metadata"."key" = ? LIMIT ?[0m  [["key", "environment"], ["LIMIT", 1]]
  ↳ db/schema.rb:13
  [1m[35m (0.0ms)[0m  [1m[36mbegin transaction[0m
  ↳ db/schema.rb:13
  [1m[36mActiveRecord::InternalMetadata Create (0.2ms)[0m  [1m[32mINSERT INTO "ar_internal_metadata" ("key", "value", "created_at", "updated_at") VALUES (?, ?, ?, ?)[0m  [["key", "environment"], ["value", "development"], ["created_at", "2021-09-28 23:04:06.297166"], ["updated_at", "2021-09-28 23:04:06.297166"]]
  ↳ db/schema.rb:13
  [1m[35m (0.7ms)[0m  [1m[36mcommit transaction[0m
  ↳ db/schema.rb:13
  [1m[36mActiveRecord::InternalMetadata Load (0.1ms)[0m  [1m[34mSELECT  "ar_internal_metadata".* FROM "ar_internal_metadata" WHERE "ar_internal_metadata"."key" = ? LIMIT ?[0m  [["key", "environment"], ["LIMIT", 1]]
  ↳ /Users/aeschright/.rbenv/versions/2.5.9/bin/rake:23
  [1m[35m (0.0ms)[0m  [1m[36mbegin transaction[0m
  ↳ /Users/aeschright/.rbenv/versions/2.5.9/bin/rake:23
  [1m[36mActiveRecord::InternalMetadata Update (0.2ms)[0m  [1m[33mUPDATE "ar_internal_metadata" SET "value" = ?, "updated_at" = ? WHERE "ar_internal_metadata"."key" = ?[0m  [["value", "test"], ["updated_at", "2021-09-28 23:04:06.300923"], ["key", "environment"]]
  ↳ /Users/aeschright/.rbenv/versions/2.5.9/bin/rake:23
  [1m[35m (0.6ms)[0m  [1m[36mcommit transaction[0m
  ↳ /Users/aeschright/.rbenv/versions/2.5.9/bin/rake:23
  [1m[35m (0.1ms)[0m  [1m[34mSELECT "schema_migrations"."version" FROM "schema_migrations" ORDER BY "schema_migrations"."version" ASC[0m
  ↳ /Users/aeschright/.rbenv/versions/2.5.9/bin/rake:23
